<?xml version="1.0" encoding="UTF-8"?>
<testsuite xmlns:xsi="http://www.w3.org/2001/XMLSchema-instance" xsi:noNamespaceSchemaLocation="https://maven.apache.org/surefire/maven-surefire-plugin/xsd/surefire-test-report.xsd" version="3.0.2" name="com.uniandes.machineengine.MachineEngineApplicationTests" time="3.968" tests="1" errors="0" skipped="0" failures="0">
  <properties>
[...]
</properties>
  <testcase name="contextLoads" classname="com.uniandes.machineengine.MachineEngineApplicationTests" time="1.007">
    <system-out><![CDATA[01:36:47.245 [main] INFO org.springframework.test.context.support.AnnotationConfigContextLoaderUtils -- Could not detect default configuration classes for test class [com.uniandes.machineengine.MachineEngineApplicationTests]: MachineEngineApplicationTests does not declare any static, non-private, non-final, nested classes annotated with @Configuration.
01:36:47.445 [main] INFO org.springframework.boot.test.context.SpringBootTestContextBootstrapper -- Found @SpringBootConfiguration com.uniandes.machineengine.Emparejamiento for test class com.uniandes.machineengine.MachineEngineApplicationTests

  .   ____          _            __ _ _
 /\\ / ___'_ __ _ _(_)_ __  __ _ \ \ \ \
( ( )\___ | '_ | '_| | '_ \/ _` | \ \ \ \
 \\/  ___)| |_)| | | | | || (_| |  ) ) ) )
  '  |____| .__|_| |_|_| |_\__, | / / / /
 =========|_|==============|___/=/_/_/_/

 :: Spring Boot ::                (v3.4.2)

2025-02-20T01:36:48.165-05:00  INFO 24476 --- [MachineEngine ] [           main] c.u.m.MachineEngineApplicationTests      : Starting MachineEngineApplicationTests using Java 21.0.6 with PID 24476 (started by herna in C:\Uniandes\machineengine)
2025-02-20T01:36:48.165-05:00  INFO 24476 --- [MachineEngine ] [           main] c.u.m.MachineEngineApplicationTests      : No active profile set, falling back to 1 default profile: "default"
2025-02-20T01:36:49.515-05:00  INFO 24476 --- [MachineEngine ] [           main] o.s.b.a.w.s.WelcomePageHandlerMapping    : Adding welcome page: class path resource [static/index.html]
2025-02-20T01:36:49.950-05:00  INFO 24476 --- [MachineEngine ] [           main] c.u.m.MachineEngineApplicationTests      : Started MachineEngineApplicationTests in 2.304 seconds (process running for 3.683)
]]></system-out>
    <system-err><![CDATA[Mockito is currently self-attaching to enable the inline-mock-maker. This will no longer work in future releases of the JDK. Please add Mockito as an agent to your build what is described in Mockito's documentation: https://javadoc.io/doc/org.mockito/mockito-core/latest/org/mockito/Mockito.html#0.3
WARNING: A Java agent has been loaded dynamically (C:\Users\herna\.m2\repository\net\bytebuddy\byte-buddy-agent\1.15.11\byte-buddy-agent-1.15.11.jar)
WARNING: If a serviceability tool is in use, please run with -XX:+EnableDynamicAgentLoading to hide this warning
WARNING: If a serviceability tool is not in use, please run with -Djdk.instrument.traceUsage for more information
WARNING: Dynamic loading of agents will be disallowed by default in a future release
]]></system-err>
  </testcase>
</testsuite>